  Building GameAssembly.dll with MsvcWinRtToolChain
  	Msvc Install Version: 15.0
  	Msvc Install SDK Directory: C:\Program Files (x86)\Windows Kits\10
  	Msvc Linker Path: C:\Program Files (x86)\Microsoft Visual Studio\2017\Enterprise\VC\Tools\MSVC\14.16.27023\bin\HostX64\x86\link.exe
  	Msvc Compiler Path: C:\Program Files (x86)\Microsoft Visual Studio\2017\Enterprise\VC\Tools\MSVC\14.16.27023\bin\HostX64\x86\cl.exe
  
  	Output directory: C:\Users\simo.ollinen\Desktop\Darts MR\App\build\bin\Win32\Release
  	Cache directory: C:\Users\simo.ollinen\Desktop\Darts MR\App\build\obj\il2cppOutputProject\Win32\Release
  Il2CppMethodPointerTable.cpp
  Il2CppMetadataUsage.cpp
  Bulk_mscorlib_9.cpp
  Il2CppInvokerTable.cpp
  Bulk_mscorlib_3.cpp
  Il2CppTypeDefinitions.cpp
  Il2CppAttributes.cpp
  Bulk_mscorlib_4.cpp
  Bulk_UnityEngine.UI_0.cpp
  Bulk_mscorlib_16.cpp
  GenericMethods0.cpp
  Bulk_mscorlib_12.cpp
  Bulk_mscorlib_17.cpp
  Bulk_mscorlib_2.cpp
  Bulk_mscorlib_7.cpp
  Bulk_mscorlib_11.cpp
  Bulk_UnityEngine.CoreModule_0.cpp
  Bulk_mscorlib_6.cpp
  Bulk_UnityEngine.UI_1.cpp
  Bulk_Generics_0.cpp
  GenericMethods1.cpp
  Bulk_mscorlib_14.cpp
  Bulk_mscorlib_0.cpp
  Bulk_mscorlib_1.cpp
  Bulk_mscorlib_10.cpp
  Bulk_System_0.cpp
  Bulk_UnityEngine.UI_2.cpp
  Bulk_mscorlib_8.cpp
  Bulk_Generics_1.cpp
  Bulk_mscorlib_15.cpp
  Il2CppGenericMethodPointerTable.cpp
  Bulk_Generics_8.cpp
  Bulk_Generics_2.cpp
  Bulk_Generics_3.cpp
  Bulk_mscorlib_13.cpp
  Bulk_Generics_4.cpp
  Bulk_System_1.cpp
  Bulk_Generics_6.cpp
  Il2CppGenericMethodDefinitions.cpp
  Bulk_Generics_5.cpp
  Bulk_UnityEngine.CoreModule_1.cpp
  Bulk_UnityEngine.VRModule_0.cpp
  Bulk_Generics_7.cpp
  Bulk_I18N.Rare_0.cpp
  Bulk_mscorlib_5.cpp
  Il2CppGenericClassTable.cpp
  Bulk_Unity.XR.WindowsMR_0.cpp
  Il2CppGenericMethodTable.cpp
  Bulk_mscorlib_18.cpp
  Bulk_Assembly-CSharp_0.cpp
  Bulk_UnityEngine.IMGUIModule_0.cpp
  Bulk_System_2.cpp
  GenericMethods2.cpp
  Il2CppCompilerCalculateTypeValues_6Table.cpp
  Il2CppGenericInstDefinitions.cpp
  Bulk_I18N.CJK_0.cpp
  Bulk_I18N.Rare_1.cpp
  UnresolvedVirtualCallStubs.cpp
  Bulk_I18N.West_0.cpp
  char-conversions.cpp
  Il2CppCompilerCalculateTypeValues_26Table.cpp
  Il2CppCompilerCalculateTypeValues_10Table.cpp
  Bulk_I18N_0.cpp
  Il2CppCompilerCalculateTypeValues_25Table.cpp
  Bulk_Generics_9.cpp
  Il2CppCompilerCalculateTypeValuesTable.cpp
  Il2CppCompilerCalculateTypeValues_0Table.cpp
  Il2CppCompilerCalculateTypeValues_9Table.cpp
  Il2CppCompilerCalculateTypeValues_15Table.cpp
  Il2CppCompilerCalculateTypeValues_22Table.cpp
  Bulk_UnityEngine.XRModule_0.cpp
  Il2CppCompilerCalculateTypeValues_3Table.cpp
  Il2CppCompilerCalculateTypeValues_29Table.cpp
  Bulk_I18N.Other_0.cpp
  Bulk_UnityEngine.AudioModule_0.cpp
  Il2CppCompilerCalculateTypeValues_7Table.cpp
  Il2CppCompilerCalculateTypeValues_8Table.cpp
  Il2CppCompilerCalculateTypeValues_21Table.cpp
  Il2CppCompilerCalculateTypeValues_24Table.cpp
  Il2CppCompilerCalculateTypeValues_23Table.cpp
  Il2CppCompilerCalculateTypeValues_13Table.cpp
  Bulk_I18N.MidEast_0.cpp
  Il2CppCompilerCalculateTypeValues_4Table.cpp
  Il2CppCompilerCalculateTypeValues_11Table.cpp
  Il2CppCompilerCalculateTypeValues_2Table.cpp
  Il2CppCompilerCalculateTypeValues_5Table.cpp
  Bulk_UnityEngine.AnimationModule_0.cpp
  Bulk_UnityEngine.TextRenderingModule_0.cpp
  Bulk_UnityEngine.UI_3.cpp
  Bulk_UnityEngine.TerrainModule_0.cpp
  Bulk_UnityEngine.UIModule_0.cpp
  Il2CppCompilerCalculateTypeValues_28Table.cpp
  Il2CppCompilerCalculateTypeValues_14Table.cpp
  Il2CppCompilerCalculateTypeValues_20Table.cpp
  Il2CppCompilerCalculateTypeValues_16Table.cpp
  Il2CppCompilerCalculateTypeValues_27Table.cpp
  Il2CppInteropDataTable.cpp
  Il2CppCompilerCalculateTypeValues_12Table.cpp
  Bulk_UnityEngine.PhysicsModule_0.cpp
  Il2CppCompilerCalculateTypeValues_17Table.cpp
  Bulk_UnityEngine.Physics2DModule_0.cpp
  Il2CppCompilerCalculateTypeValues_1Table.cpp
  Il2CppCompilerCalculateTypeValues_19Table.cpp
  Il2CppCompilerCalculateTypeValues_18Table.cpp
  Decimal.cpp
  Bulk_UnityEngine.SharedInternalsModule_0.cpp
  Bulk_Mono.Security_0.cpp
  deflate.c
  Messages.cpp
  Bulk_UnityEngine.UIElementsModule_0.cpp
  Bulk_UnityEngine.VideoModule_0.cpp
  Bulk_UnityEngine.TilemapModule_0.cpp
  Bulk_UnityEngine.VFXModule_0.cpp
  Bulk_System.Configuration_0.cpp
  SocketImpl.cpp
  Bulk_UnityEngine.ParticleSystemModule_0.cpp
  Bulk_UnityEngine.UnityAnalyticsModule_0.cpp
  FileTests.cpp
  Class.cpp
  Bulk_UnityEngine.UnityWebRequestModule_0.cpp
  inflate.c
  trees.c
  Bulk_UnityEngine.InputModule_0.cpp
  Socket.cpp
  SocketImpl.cpp
  Bulk_System.Xml_0.cpp
  il2cpp-mono-support.cpp
  AtomicQueue.cpp
  Runtime.cpp
  File.cpp
  ThreadPool.cpp
  MetadataCache.cpp
  MonoType.cpp
  xamarin_getifaddrs.c
  Bulk_UnityEngine.AssetBundleModule_0.cpp
  WindowsRuntime.cpp
  threadpool-ms.cpp
  il2cpp-api.cpp
  Type.cpp
  Monitor.cpp
  ArrayMetadata.cpp
  Thread.cpp
  Bulk_UnityEngine.AIModule_0.cpp
  Reflection.cpp
  infback.c
  DirectoryTests.cpp
  Marshal.cpp
  Bulk_UnityEngine.DirectorModule_0.cpp
  Bulk_System.Core_0.cpp
  gzread.c
  Array.cpp
  gzwrite.c
  Exception.cpp
  Thread.cpp
  Assembly.cpp
  MonoIO.cpp
  Number.cpp
  Debugger.cpp
  gzlib.c
  Liveness.cpp
  PlatformInvoke.cpp
  il2cpp-callbacks.cpp
  Type.cpp
  MonoMethod.cpp
  threadpool-ms-io.cpp
  crc32.c
  RCW.cpp
  File.cpp
  inftrees.c
  inffast.c
  Image.cpp
  WindowsRuntime.cpp
  MemoryInformation.cpp
  CultureInfo.cpp
  Field.cpp
  MemoryMappedFile.cpp
  ThreadImpl.cpp
  COM.cpp
  Object.cpp
  RuntimeType.cpp
  MemoryMappedFile.cpp
  GCHandle.cpp
  GenericMetadata.cpp
  PosixWaitObject.cpp
  GarbageCollector.cpp
  Socket.cpp
  StackTrace.cpp
  LibraryLoader.cpp
  SocketImpl.cpp
  PathTests.cpp
  Enum.cpp
  GenericClass.cpp
  ThreadPoolWorkerThread.cpp
  ThreadImpl.cpp
  Array.cpp
  Console.cpp
  BoehmGC.cpp
  Bulk_UnityEngine.GridModule_0.cpp
  LibraryLoader.cpp
  Method.cpp
  TimeZone.cpp
  AppDomain.cpp
  String.cpp
  Thread.cpp
  Directory.cpp
  zutil.c
  ThreadPoolMonitorThread.cpp
  NativeSymbol.cpp
  ValueType.cpp
  AssemblyName.cpp
  Error.cpp
  Locale.cpp
  Environment.cpp
  ComObjectBase.cpp
  MemoryMappedFile.cpp
  Environment.cpp
  FieldLayout.cpp
  Profiler.cpp
  CompareInfo.cpp
  CCW.cpp
  RuntimeTypeHandle.cpp
  MonoField.cpp
  MonoPosixHelper.cpp
  GenericMethod.cpp
  threadpool-ms-io-poll.cpp
  LibraryLoaderTests.cpp
  MemoryMapImpl.cpp
  File.cpp
  StringUtils.cpp
  MemoryMappedFileTests.cpp
  TimeZoneInfo.cpp
  adler32.c
  Interlocked.cpp
  MutexTests.cpp
  Directory.cpp
  SocketTests.cpp
  MethodBase.cpp
  String.cpp
  MonoCustomAttrs.cpp
  SemaphoreTests.cpp
  WaitHandle.cpp
  VmStringUtils.cpp
  CultureData.cpp
  Convert.cpp
  Image.cpp
  TimeZone.cpp
  ThreadLocalValueTests.cpp
  Environment.cpp
  Enum.cpp
  Process.cpp
  ThreadPoolMs.cpp
  Environment.cpp
  MarshalAlloc.cpp
  CalendarData.cpp
  Module.cpp
  VisualizerHelpers.cpp
  EventTests.cpp
  AssemblyName.cpp
  PerformanceCounterCategory.cpp
  Time.cpp
  WindowsHelpers.cpp
  StackFrame.cpp
  WindowsRuntime.cpp
  TimeZoneTests.cpp
  Win32ApiWinRTEmulation.cpp
C:\Users\simo.ollinen\Desktop\Darts MR\App\Il2CppOutputProject\IL2CPP\libil2cpp\os\WinRT\Win32ApiWinRTEmulation.cpp(184): warning C4996: 'ABI::Windows::System::UserProfile::IUserInformationStatics': Use User instead of UserInformation. For more info, see MSDN.
  C:\Program Files (x86)\Windows Kits\10\Include\10.0.17763.0\winrt\windows.system.userprofile.h(2143): note: see declaration of 'ABI::Windows::System::UserProfile::IUserInformationStatics'
C:\Users\simo.ollinen\Desktop\Darts MR\App\Il2CppOutputProject\IL2CPP\libil2cpp\os\WinRT\Win32ApiWinRTEmulation.cpp(185): warning C4996: 'RuntimeClass_Windows_System_UserProfile_UserInformation': Use User instead of UserInformation. For more info, see MSDN.
  C:\Program Files (x86)\Windows Kits\10\Include\10.0.17763.0\winrt\windows.system.userprofile.h(2579): note: see declaration of 'RuntimeClass_Windows_System_UserProfile_UserInformation'
C:\Users\simo.ollinen\Desktop\Darts MR\App\Il2CppOutputProject\IL2CPP\libil2cpp\os\WinRT\Win32ApiWinRTEmulation.cpp(189): warning C4996: 'ABI::Windows::System::UserProfile::IUserInformationStatics::get_NameAccessAllowed': Use User instead of UserInformation. For more info, see MSDN.
  C:\Program Files (x86)\Windows Kits\10\Include\10.0.17763.0\winrt\windows.system.userprofile.h(2157): note: see declaration of 'ABI::Windows::System::UserProfile::IUserInformationStatics::get_NameAccessAllowed'
C:\Users\simo.ollinen\Desktop\Darts MR\App\Il2CppOutputProject\IL2CPP\libil2cpp\os\WinRT\Win32ApiWinRTEmulation.cpp(199): warning C4996: 'ABI::Windows::System::UserProfile::IUserInformationStatics::GetDisplayNameAsync': Use User instead of UserInformation. For more info, see MSDN.
  C:\Program Files (x86)\Windows Kits\10\Include\10.0.17763.0\winrt\windows.system.userprofile.h(2223): note: see declaration of 'ABI::Windows::System::UserProfile::IUserInformationStatics::GetDisplayNameAsync'
  MonoMethodMessage.cpp
  Dns.cpp
  Directory.cpp
  Il2CppTypeCompare.cpp
  Math.cpp
  PerformanceCounter.cpp
  uncompr.c
  Win32ApiSharedEmulation.cpp
  Random.cpp
  RuntimeHelpers.cpp
  COM.cpp
  NullGC.cpp
  ProcessTests.cpp
  compress.c
  GCHandle.cpp
  Assembly.cpp
  ThreadPool.cpp
  COM.cpp
  GC.cpp
  ModuleBuilder.cpp
  MonoMethodInfo.cpp
  Memory.cpp
  StackTrace.cpp
  NativeEventCalls.cpp
  NativeMethods.cpp
  MonoPropertyInfo.cpp
  gc.c
  MemoryMappedFile.cpp
  Delegate.cpp
  RNGCryptoServiceProvider.cpp
  RegionInfo.cpp
  Encoding.cpp
  EnvironmentTests.cpp
  Buffer.cpp
  Monitor.cpp
  TypedReference.cpp
  CpuInfo.cpp
  COM.cpp
  MemoryPool.cpp
  Semaphore.cpp
  WaitHandle.cpp
  BlobReader.cpp
  Atomic.cpp
  COMTests.cpp
  MutexImpl.cpp
  DirectoryUtils.cpp
  Mutex.cpp
  Time.cpp
  AsyncResult.cpp
  CryptographyTests.cpp
  ConsoleDriver.cpp
  MetadataAlloc.cpp
  WeakReference.cpp
  FieldInfo.cpp
  SystemCertificates.cpp
  TypeBuilder.cpp
  MemberInfo.cpp
  CurrentSystemTimeZone.cpp
  Semaphore.cpp
  Path.cpp
  Handle.cpp
  RuntimeFieldHandle.cpp
  UnsafeNativeMethods.cpp
  ConsoleTests.cpp
  UnityAdsStubs.cpp
  Domain.cpp
  ConditionVariableImpl.cpp
  TimeTests.cpp
  Bulk_UnityEngine_0.cpp
  Allocator.cpp
  ArgIterator.cpp
  MainTestRunner.cpp
  Event.cpp
  File.cpp
  Environment.cpp
  Image.cpp
  MonoEventInfo.cpp
  Runtime.cpp
  Cryptography.cpp
  Handle.cpp
  CpuInfo.cpp
  krait_signal_handler.c
  Process.cpp
  PerformanceCounterUtils.cpp
  Image.cpp
  Il2CppTypeHash.cpp
  StackTrace.cpp
  ErrorTests.cpp
  Locale.cpp
  ThreadImpl.cpp
  InternalCalls.cpp
  Il2CppCodeRegistration.cpp
  Parameter.cpp
  Process.cpp
  KeyPairPersistence.cpp
  SystemCertificates.cpp
  SecurityManager.cpp
  Exception.cpp
  Il2CppGenericContextCompare.cpp
  Mutex.cpp
  WindowsImpersonationContext.cpp
  MarshalingUtils.cpp
  Environment.cpp
  MemoryTests.cpp
  Mutex.cpp
  LibraryLoader.cpp
  EventInfo.cpp
  PropertyInfo.cpp
  ParameterInfo.cpp
  Path.cpp
  SemaphoreImpl.cpp
  Process.cpp
  Il2CppMetadataRegistration.cpp
  Socket.cpp
  ActivationServices.cpp
  Process.cpp
  WindowsIdentity.cpp
  Activator.cpp
  Memory.cpp
  RegisterRuntimeInitializeAndCleanup.cpp
  EventImpl.cpp
  Win32Exception.cpp
  SemaphoreImpl.cpp
  DriveInfo.cpp
  MutexImpl.cpp
  Normalization.cpp
  StackTrace.cpp
  MonoGenericClass.cpp
  GenericSharing.cpp
  Il2CppSignatureCompare.cpp
  ConditionVariable.cpp
  Cryptography.cpp
  ConditionVariableImpl.cpp
  Il2CppGenericInstCompare.cpp
  MetadataLoader.cpp
  Path.cpp
  ConditionVariable.cpp
  __ComObject.cpp
  TimeZoneInfoTests.cpp
  AssemblyBuilder.cpp
  LastError.cpp
  Char.cpp
  mono-structs.cpp
  SizedReference.cpp
  Cryptography.cpp
  ReaderWriterLock.cpp
  MonoEnumInfo.cpp
  Handle.cpp
  ConditionVariableTests.cpp
  NumberFormatter.cpp
  RemotingServices.cpp
  Semaphore.cpp
  ThreadLocalValueImpl.cpp
  Il2CppGenericContextHash.cpp
  ThreadLocalValueImpl.cpp
  NativeMethods.cpp
  Environment.cpp
  StackTrace.cpp
  Object.cpp
  Debugger.cpp
  Logging.cpp
  LibraryLoader.cpp
  NativeDelegateMethodCache.cpp
  MarshalStringAlloc.cpp
  LinuxNetworkInterface.cpp
  Il2CppSignatureHash.cpp
  MonoCMethod.cpp
  WindowsPrincipal.cpp
  il2cpp-codegen-common.cpp
  Event.cpp
  GenericContainer.cpp
  InotifyWatcher.cpp
  Runtime.cpp
  LocaleTests.cpp
  NativeMethods.cpp
  PosixHelpers.cpp
  Property.cpp
  Locale.cpp
  SystemCertificates.cpp
  MarshalStringAlloc.cpp
  RealProxy.cpp
  Initialize.cpp
  EventImpl.cpp
  Console.cpp
  DynamicMethod.cpp
  ThreadLocalValue.cpp
  Normalization.cpp
  SignatureHelper.cpp
  CustomAttributeBuilder.cpp
  TimeZoneInfo.cpp
  Il2CppGenericClassHash.cpp
  SecurityFrame.cpp
  Il2CppGenericMethodHash.cpp
  Il2CppGenericClassCompare.cpp
  PathUtils.cpp
  Double.cpp
  CustomAttributeData.cpp
  Context.cpp
  ThreadLocalValue.cpp
  Il2CppGenericInstHash.cpp
  gzclose.c
  SafeStringMarshal.cpp
  Il2CppGenericMethodCompare.cpp
  DefaultConfig.cpp
  TimeZoneInfo.cpp
  InternalConfigurationHost.cpp
  Output.cpp
  ComInteropProxy.cpp
  Cryptography.cpp
  RtFieldInfo.cpp
  DateTime.cpp
  RuntimeMarshal.cpp
  Exception.cpp
  InternalConfigurationHost.cpp
  MacOsIPInterfaceProperties.cpp
  Console.cpp
  MonoTlsProviderFactory.cpp
  MemoryMappedFile.cpp
  DllMain.cpp
  NativeMethods.cpp
  InternalThread.cpp
  MonoGenericCMethod.cpp
  SystemCertificates.cpp
  MonoGenericMethod.cpp
  Process.cpp
  TimeZone.cpp
  DefaultTraceListener.cpp
  SocketException.cpp
  CpuInfoTests.cpp
  Assert.cpp
  Evidence.cpp
  MethodBuilder.cpp
  GenericTypeParameterBuilder.cpp
  IOSelector.cpp
  CLRConfig.cpp
  FileVersionInfo.cpp
  MessagesTests.cpp
  KqueueMonitor.cpp
  EnumBuilder.cpp
  FAMWatcher.cpp
  Time.cpp
  DerivedType.cpp
  Initialize.cpp
  SymbolType.cpp
  VersioningHelper.cpp
  SystemCertificates.cpp
  MarshalAlloc.cpp
  Memory.cpp
  MissingMemberException.cpp
  MarshalAlloc.cpp
  Error.cpp
  Debug.cpp
  FileSystemWatcher.cpp
  Path.cpp
  Stopwatch.cpp
  Path.cpp
  Initialize.cpp
  RuntimeMethodHandle.cpp
  Memory.cpp
  RuntimeGPtrArrayHandle.cpp
  EncodingHelper.cpp
  FileSystemWatcher.cpp
  RuntimeClassHandle.cpp
  Timer.cpp
  TimeSpan.cpp
  Encoding.cpp
  ScopedThreadAttacher.cpp
  Path.cpp
  Error.cpp
  Debug.cpp
  Locale.cpp
  CpuInfo.cpp
  FileSystemWatcher.cpp
  DebugTests.cpp
  ThreadTests.cpp
  Thread.cpp
  CpuInfo.cpp
  File.cpp
  UnityTls.cpp
  LastError.cpp
  Event.cpp
  Module.cpp
  WriteBarrier.cpp
  LastError.cpp
  NativeMethodsTests.cpp
  Initialize.cpp
  class-internals.cpp
  Encoding.cpp
  Messages.cpp
  Debug.cpp
  Il2CppGenericComDefinitions0.cpp
  ObjectFiles: 556 of which compiled: 556
  	Time Compile: 14352 milliseconds Bulk_mscorlib_5.cpp
  	Time Compile: 8116 milliseconds Bulk_System_1.cpp
  	Time Compile: 6083 milliseconds Win32ApiWinRTEmulation.cpp
  	Time Compile: 5723 milliseconds Environment.cpp
  	Time Compile: 5182 milliseconds Bulk_mscorlib_13.cpp
  	Time Compile: 5013 milliseconds Bulk_mscorlib_16.cpp
  	Time Compile: 4636 milliseconds Bulk_mscorlib_6.cpp
  	Time Compile: 4588 milliseconds Bulk_mscorlib_4.cpp
  	Time Compile: 4560 milliseconds Bulk_mscorlib_11.cpp
  	Time Compile: 4536 milliseconds Bulk_UnityEngine.UI_1.cpp
  Total compilation time: 86259 milliseconds.
  Creating library C:\Users\simo.ollinen\Desktop\Darts MR\App\build\obj\il2cppOutputProject\Win32\Release\linkresult_F5EFA9DE5D25BBA8DAC9EB69B87A999D\GameAssembly.lib and object C:\Users\simo.ollinen\Desktop\Darts MR\App\build\obj\il2cppOutputProject\Win32\Release\linkresult_F5EFA9DE5D25BBA8DAC9EB69B87A999D\GameAssembly.exp
  Total link time: 7555 milliseconds.
  Cleaned up 2 object files.
